<?xml version="1.0" encoding="UTF-8"?>
<testng-results ignored="0" total="1" passed="1" failed="0" skipped="0">
  <reporter-output>
  </reporter-output>
  <suite started-at="2023-02-25T20:33:36 IST" name="Default suite" finished-at="2023-02-25T20:33:39 IST" duration-ms="3070">
    <groups>
    </groups>
    <test started-at="2023-02-25T20:33:36 IST" name="Default test" finished-at="2023-02-25T20:33:39 IST" duration-ms="3070">
      <class name="packageForTest1.Test1">
        <test-method signature="XmlMethod()[pri:0, instance:packageForTest1.Test1@7e5afaa6]" started-at="2023-02-25T20:33:36 IST" name="XmlMethod" finished-at="2023-02-25T20:33:39 IST" duration-ms="3022" status="PASS">
          <reporter-output>
          </reporter-output>
        </test-method> <!-- XmlMethod -->
      </class> <!-- packageForTest1.Test1 -->
    </test> <!-- Default test -->
  </suite> <!-- Default suite -->
</testng-results>
