<?xml version="1.0" encoding="UTF-8"?>
<testng-results ignored="0" total="1" passed="1" failed="0" skipped="0">
  <reporter-output>
  </reporter-output>
  <suite started-at="2023-03-14T20:22:32 IST" name="Default suite" finished-at="2023-03-14T20:22:40 IST" duration-ms="7853">
    <groups>
    </groups>
    <test started-at="2023-03-14T20:22:32 IST" name="Default test" finished-at="2023-03-14T20:22:40 IST" duration-ms="7853">
      <class name="packageforserialization2.Test2">
        <test-method signature="test2()[pri:0, instance:packageforserialization2.Test2@47faa49c]" started-at="2023-03-14T20:22:32 IST" name="test2" finished-at="2023-03-14T20:22:40 IST" duration-ms="7650" status="PASS">
          <reporter-output>
          </reporter-output>
        </test-method> <!-- test2 -->
      </class> <!-- packageforserialization2.Test2 -->
    </test> <!-- Default test -->
  </suite> <!-- Default suite -->
</testng-results>
